# JRE version: OpenJDK Runtime Environment (17.0.6) (build 17.0.6+0-b2043.56-10027231)
# Java VM: OpenJDK 64-Bit Server VM (17.0.6+0-b2043.56-10027231, mixed mode, tiered, compressed oops, compressed class ptrs, g1 gc, windows-amd64)
GC Precious Log:
 CPUs: 8 total, 8 available
 Memory: 16375M
 Large Page Support: Disabled
 NUMA Support: Disabled
 Compressed Oops: Enabled (32-bit)
 Heap Region Size: 1M
 Heap Min Capacity: 8M
 Heap Initial Capacity: 256M
 Heap Max Capacity: 2G
 Pre-touch: Disabled
 Parallel Workers: 8
 Concurrent Workers: 2
 Concurrent Refinement Workers: 8
 Periodic GC: Disabled
Heap:
 garbage-first heap   total 460800K, used 197558K [0x0000000080000000, 0x0000000100000000)
  region size 1024K, 10 young (10240K), 10 survivors (10240K)
 Metaspace       used 151205K, committed 152512K, reserved 1196032K
  class space    used 19947K, committed 20672K, reserved 1048576K
GC Heap History (20 events):
Event: 8678.105 GC heap after
{Heap after GC invocations=62 (full 2):
 garbage-first heap   total 460800K, used 149563K [0x0000000080000000, 0x0000000100000000)
  region size 1024K, 2 young (2048K), 2 survivors (2048K)
 Metaspace       used 149030K, committed 151040K, reserved 1196032K
  class space    used 19766K, committed 20672K, reserved 1048576K
}
Event: 8678.447 GC heap before
{Heap before GC invocations=62 (full 2):
 garbage-first heap   total 460800K, used 206907K [0x0000000080000000, 0x0000000100000000)
  region size 1024K, 60 young (61440K), 2 survivors (2048K)
 Metaspace       used 149405K, committed 151104K, reserved 1196032K
  class space    used 19777K, committed 20672K, reserved 1048576K
}
Event: 8678.450 GC heap after
{Heap after GC invocations=63 (full 2):
 garbage-first heap   total 460800K, used 149593K [0x0000000080000000, 0x0000000100000000)
  region size 1024K, 2 young (2048K), 2 survivors (2048K)
 Metaspace       used 149405K, committed 151104K, reserved 1196032K
  class space    used 19777K, committed 20672K, reserved 1048576K
}
Event: 8779.854 GC heap before
{Heap before GC invocations=64 (full 2):
 garbage-first heap   total 460800K, used 425049K [0x0000000080000000, 0x0000000100000000)
  region size 1024K, 227 young (232448K), 2 survivors (2048K)
 Metaspace       used 150363K, committed 151744K, reserved 1196032K
  class space    used 19900K, committed 20672K, reserved 1048576K
}
Event: 8779.876 GC heap after
{Heap after GC invocations=65 (full 2):
 garbage-first heap   total 460800K, used 162628K [0x0000000080000000, 0x0000000100000000)
  region size 1024K, 19 young (19456K), 19 survivors (19456K)
 Metaspace       used 150363K, committed 151744K, reserved 1196032K
  class space    used 19900K, committed 20672K, reserved 1048576K
}
Event: 8779.911 GC heap before
{Heap before GC invocations=65 (full 2):
 garbage-first heap   total 460800K, used 164676K [0x0000000080000000, 0x0000000100000000)
  region size 1024K, 22 young (22528K), 19 survivors (19456K)
 Metaspace       used 150363K, committed 151744K, reserved 1196032K
  class space    used 19900K, committed 20672K, reserved 1048576K
}
Event: 8779.932 GC heap after
{Heap after GC invocations=66 (full 2):
 garbage-first heap   total 460800K, used 164531K [0x0000000080000000, 0x0000000100000000)
  region size 1024K, 2 young (2048K), 2 survivors (2048K)
 Metaspace       used 150363K, committed 151744K, reserved 1196032K
  class space    used 19900K, committed 20672K, reserved 1048576K
}
Event: 8779.934 GC heap before
{Heap before GC invocations=66 (full 2):
 garbage-first heap   total 460800K, used 164531K [0x0000000080000000, 0x0000000100000000)
  region size 1024K, 3 young (3072K), 2 survivors (2048K)
 Metaspace       used 150363K, committed 151744K, reserved 1196032K
  class space    used 19900K, committed 20672K, reserved 1048576K
}
Event: 8779.936 GC heap after
{Heap after GC invocations=67 (full 2):
 garbage-first heap   total 460800K, used 164174K [0x0000000080000000, 0x0000000100000000)
  region size 1024K, 2 young (2048K), 2 survivors (2048K)
 Metaspace       used 150363K, committed 151744K, reserved 1196032K
  class space    used 19900K, committed 20672K, reserved 1048576K
}
Event: 8780.880 GC heap before
{Heap before GC invocations=68 (full 2):
 garbage-first heap   total 460800K, used 352590K [0x0000000080000000, 0x0000000100000000)
  region size 1024K, 183 young (187392K), 2 survivors (2048K)
 Metaspace       used 150529K, committed 151872K, reserved 1196032K
  class space    used 19899K, committed 20672K, reserved 1048576K
}
Event: 8780.885 GC heap after
{Heap after GC invocations=69 (full 2):
 garbage-first heap   total 460800K, used 172418K [0x0000000080000000, 0x0000000100000000)
  region size 1024K, 6 young (6144K), 6 survivors (6144K)
 Metaspace       used 150529K, committed 151872K, reserved 1196032K
  class space    used 19899K, committed 20672K, reserved 1048576K
}
Event: 8780.955 GC heap before
{Heap before GC invocations=69 (full 2):
 garbage-first heap   total 460800K, used 187778K [0x0000000080000000, 0x0000000100000000)
  region size 1024K, 22 young (22528K), 6 survivors (6144K)
 Metaspace       used 150537K, committed 151872K, reserved 1196032K
  class space    used 19899K, committed 20672K, reserved 1048576K
}
Event: 8780.959 GC heap after
{Heap after GC invocations=70 (full 2):
 garbage-first heap   total 460800K, used 171028K [0x0000000080000000, 0x0000000100000000)
  region size 1024K, 1 young (1024K), 1 survivors (1024K)
 Metaspace       used 150537K, committed 151872K, reserved 1196032K
  class space    used 19899K, committed 20672K, reserved 1048576K
}
Event: 8781.279 GC heap before
{Heap before GC invocations=70 (full 2):
 garbage-first heap   total 460800K, used 228372K [0x0000000080000000, 0x0000000100000000)
  region size 1024K, 59 young (60416K), 1 survivors (1024K)
 Metaspace       used 150634K, committed 152000K, reserved 1196032K
  class space    used 19900K, committed 20672K, reserved 1048576K
}
Event: 8781.282 GC heap after
{Heap after GC invocations=71 (full 2):
 garbage-first heap   total 460800K, used 171600K [0x0000000080000000, 0x0000000100000000)
  region size 1024K, 2 young (2048K), 2 survivors (2048K)
 Metaspace       used 150634K, committed 152000K, reserved 1196032K
  class space    used 19900K, committed 20672K, reserved 1048576K
}
Event: 10894.489 GC heap before
{Heap before GC invocations=72 (full 2):
 garbage-first heap   total 460800K, used 414288K [0x0000000080000000, 0x0000000100000000)
  region size 1024K, 191 young (195584K), 2 survivors (2048K)
 Metaspace       used 151005K, committed 152384K, reserved 1196032K
  class space    used 19916K, committed 20672K, reserved 1048576K
}
Event: 10894.513 GC heap after
{Heap after GC invocations=73 (full 2):
 garbage-first heap   total 460800K, used 189648K [0x0000000080000000, 0x0000000100000000)
  region size 1024K, 23 young (23552K), 23 survivors (23552K)
 Metaspace       used 151005K, committed 152384K, reserved 1196032K
  class space    used 19916K, committed 20672K, reserved 1048576K
}
Event: 10894.517 GC heap before
{Heap before GC invocations=73 (full 2):
 garbage-first heap   total 460800K, used 190672K [0x0000000080000000, 0x0000000100000000)
  region size 1024K, 24 young (24576K), 23 survivors (23552K)
 Metaspace       used 151005K, committed 152384K, reserved 1196032K
  class space    used 19916K, committed 20672K, reserved 1048576K
}
Event: 10894.544 GC heap after
{Heap after GC invocations=74 (full 2):
 garbage-first heap   total 460800K, used 189763K [0x0000000080000000, 0x0000000100000000)
  region size 1024K, 2 young (2048K), 2 survivors (2048K)
 Metaspace       used 151005K, committed 152384K, reserved 1196032K
  class space    used 19916K, committed 20672K, reserved 1048576K
}
Event: 10894.932 GC heap before
{Heap before GC invocations=74 (full 2):
 garbage-first heap   total 460800K, used 220483K [0x0000000080000000, 0x0000000100000000)
  region size 1024K, 33 young (33792K), 2 survivors (2048K)
 Metaspace       used 151205K, committed 152512K, reserved 1196032K
  class space    used 19947K, committed 20672K, reserved 1048576K
}

